designverincludedir -clear
designverlibrarysim -PL -clear
designverlibrarysim -L -clear
designverlibrarysim -PL pmi_work
designverlibrarysim ovi_machxo2
designverdefinemacro -clear
removefile -Y -D *
addfile {A:/Documentos/Aruitectura Pasti/p2Pasti/OperacionesAritmeticas.vhd}
# Adding file A:\Documentos\Aruitectura Pasti\p2Pasti\OperacionesAritmeticas.vhd ... Done
vlib {A:/Documentos/Aruitectura Pasti/p2Pasti/Operaciones/work}
# Warning: Library work already exists
adel -all
# Library contents cleared.
vcom -dbg -work work {A:/Documentos/Aruitectura Pasti/p2Pasti/OperacionesAritmeticas.vhd}
# File: A:\Documentos\Aruitectura Pasti\p2Pasti\OperacionesAritmeticas.vhd
# Compile Entity "OperacionesAritmeticas"
# Compile Architecture "Behavioral" of Entity "OperacionesAritmeticas"
# Compile success 0 Errors 0 Warnings  Analysis time :  63.0 [ms]
entity OperacionesAritmeticas
# ELBREAD: Elaboration process.
# ELBREAD: Elaboration time 0.0 [s].
vsim +access +r OperacionesAritmeticas -PL pmi_work -L ovi_machxo2
# ELBREAD: Elaboration process.
# ELBREAD: Elaboration time 0.0 [s].
# VSIM: Stack memory: 32MB
# VSIM: Retval memory: 32MB
# 
# KERNEL: Main thread initiated.
# KERNEL: Kernel process initialization phase.
# KERNEL: Time resolution set to 1ps.
# ELAB2: Elaboration final pass...
# ELAB2: Create instances ...
# ELAB2: Create instances complete.
# SLP: Started
# SLP: Elaboration phase ...
# SLP: Elaboration phase ... skipped, nothing to simulate in SLP mode : 0.0 [s]
# SLP: Finished : 0.0 [s]
# ELAB2: Elaboration final pass complete - time: 0.0 [s].
# KERNEL: Warning: You are using the Active-HDL Lattice Edition. The performance of simulation is running at a reduced rate.
# KERNEL: Warning: Contact Aldec for available upgrade options - sales@aldec.com.
# KERNEL: Kernel process initialization done.
# Allocation: Simulator allocated 6208 kB (elbread=1280 elab2=4778 kernel=150 sdf=0)
# KERNEL: ASDB file was created in location A:\Documentos\Aruitectura Pasti\p2Pasti\Operaciones\src\wave.asdb
#  3:13, lunes, 6 de mayo de 2019
#  Simulation has been initialized
add wave *
# 5 signal(s) traced.
# Waveform file 'untitled.awc' connected to 'A:/Documentos/Aruitectura Pasti/p2Pasti/Operaciones/src/wave.asdb'.
run 1 ns
# KERNEL: stopped at time: 1 ns
run 1 ns
# KERNEL: stopped at time: 2 ns
run 1 ns
# KERNEL: stopped at time: 3 ns
