designverincludedir -clear
designverlibrarysim -PL -clear
designverlibrarysim -L -clear
designverlibrarysim -PL pmi_work
designverlibrarysim ovi_machxo2
designverdefinemacro -clear
addfile {A:/Documentos/Aruitectura Pasti/paquete.vhd}
# Adding file A:\Documentos\Aruitectura Pasti\paquete.vhd ... Done
addfile {A:/Documentos/Aruitectura Pasti/OperacionesLogicas.vhd}
# Adding file A:\Documentos\Aruitectura Pasti\OperacionesLogicas.vhd ... Done
vlib {A:/Documentos/Aruitectura Pasti/simulacion/work}
# Warning: Library work already exists
adel -all
# Library contents cleared.
vcom -dbg -work work {A:/Documentos/Aruitectura Pasti/paquete.vhd}
# File: A:\Documentos\Aruitectura Pasti\paquete.vhd
# Compile Package "paquete"
# Compile Package Body "paquete"
# Compile success 0 Errors 0 Warnings  Analysis time :  15.0 [ms]
vcom -dbg -work work {A:/Documentos/Aruitectura Pasti/OperacionesLogicas.vhd}
# File: A:\Documentos\Aruitectura Pasti\OperacionesLogicas.vhd
# Compile Entity "OperacionesLogicas"
# Compile Architecture "Behavioral" of Entity "OperacionesLogicas"
# Compile success 0 Errors 0 Warnings  Analysis time :  78.0 [ms]
entity OperacionesLogicas
# ELBREAD: Elaboration process.
# ELBREAD: Elaboration time 0.0 [s].
vsim +access +r OperacionesLogicas -PL pmi_work -L ovi_machxo2
# ELBREAD: Elaboration process.
# ELBREAD: Elaboration time 0.0 [s].
# VSIM: Stack memory: 32MB
# VSIM: Retval memory: 32MB
# 
# KERNEL: Main thread initiated.
# KERNEL: Kernel process initialization phase.
# KERNEL: Time resolution set to 1ps.
# ELAB2: Elaboration final pass...
# ELAB2: Create instances ...
# ELAB2: Create instances complete.
# SLP: Started
# SLP: Elaboration phase ...
# SLP: Elaboration phase ... skipped, nothing to simulate in SLP mode : 0.0 [s]
# SLP: Finished : 0.0 [s]
# ELAB2: Elaboration final pass complete - time: 0.0 [s].
# KERNEL: Warning: You are using the Active-HDL Lattice Edition. The performance of simulation is running at a reduced rate.
# KERNEL: Warning: Contact Aldec for available upgrade options - sales@aldec.com.
# KERNEL: Kernel process initialization done.
# Allocation: Simulator allocated 6187 kB (elbread=1280 elab2=4757 kernel=150 sdf=0)
# KERNEL: ASDB file was created in location A:\Documentos\Aruitectura Pasti\simulacion\src\wave.asdb
#  2:52, domingo, 14 de abril de 2019
#  Simulation has been initialized
add wave *
# 6 signal(s) traced.
# Waveform file 'untitled.awc' connected to 'A:/Documentos/Aruitectura Pasti/simulacion/src/wave.asdb'.
run 100 ns
# KERNEL: stopped at time: 100 ns
run 10 ns
# KERNEL: stopped at time: 110 ns
run 10 ns
# KERNEL: stopped at time: 120 ns
run 10 ns
# KERNEL: stopped at time: 130 ns
run 10 ns
# KERNEL: stopped at time: 140 ns
run 10 ns
# KERNEL: stopped at time: 150 ns
run 10 ns
# KERNEL: stopped at time: 160 ns
run 10 ns
# KERNEL: stopped at time: 170 ns
