designverincludedir -clear
designverlibrarysim -PL -clear
designverlibrarysim -L -clear
designverlibrarysim -PL pmi_work
designverlibrarysim ovi_machxo2
designverdefinemacro -clear
removefile -Y -D *
addfile {A:/Documentos/Aruitectura Pasti/Practica 1/controlDisplays.vhd}
# Adding file A:\Documentos\Aruitectura Pasti\Practica 1\controlDisplays.vhd ... Done
vlib {A:/Documentos/Aruitectura Pasti/Practica 1/controlDisplays/work}
# Warning: Library work already exists
adel -all
# Library contents cleared.
vcom -dbg -work work {A:/Documentos/Aruitectura Pasti/Practica 1/controlDisplays.vhd}
# File: A:\Documentos\Aruitectura Pasti\Practica 1\controlDisplays.vhd
# Compile Entity "controlDisplays"
# Compile Architecture "Behavioral" of Entity "controlDisplays"
# Compile success 0 Errors 0 Warnings  Analysis time :  63.0 [ms]
entity controlDisplays
# ELBREAD: Elaboration process.
# ELBREAD: Elaboration time 0.0 [s].
vsim +access +r controlDisplays -PL pmi_work -L ovi_machxo2
# ELBREAD: Elaboration process.
# ELBREAD: Elaboration time 0.0 [s].
# VSIM: Stack memory: 32MB
# VSIM: Retval memory: 32MB
# 
# KERNEL: Main thread initiated.
# KERNEL: Kernel process initialization phase.
# KERNEL: Time resolution set to 1ps.
# ELAB2: Elaboration final pass...
# ELAB2: Create instances ...
# ELAB2: Create instances complete.
# SLP: Started
# SLP: Elaboration phase ...
# SLP: Elaboration phase ... skipped, nothing to simulate in SLP mode : 0.0 [s]
# SLP: Finished : 0.0 [s]
# ELAB2: Elaboration final pass complete - time: 0.0 [s].
# KERNEL: Warning: You are using the Active-HDL Lattice Edition. The performance of simulation is running at a reduced rate.
# KERNEL: Warning: Contact Aldec for available upgrade options - sales@aldec.com.
# KERNEL: Kernel process initialization done.
# Allocation: Simulator allocated 7089 kB (elbread=1280 elab2=5657 kernel=151 sdf=0)
# KERNEL: ASDB file was created in location A:\Documentos\Aruitectura Pasti\Practica 1\controlDisplays\src\wave.asdb
#  1:05, domingo, 5 de mayo de 2019
#  Simulation has been initialized
# add wave -noreg {/controlDisplays/clk}
# add wave -noreg {/controlDisplays/clr}
# add wave -noreg {/controlDisplays/unidades}
# add wave -noreg {/controlDisplays/decenas}
# add wave -noreg {/controlDisplays/centenas}
# add wave -noreg {/controlDisplays/catodo}
# add wave -noreg {/controlDisplays/salidaDisplay}
# add wave -noreg {/controlDisplays/auxCatodo}
# add wave -noreg {/controlDisplays/valorDisplay}
# add wave -noreg {/controlDisplays/clk_aux}
# add wave -noreg {/controlDisplays/clk_counter}
# 11 signal(s) traced.
# Waveform file 'untitled.awc' connected to 'A:/Documentos/Aruitectura Pasti/Practica 1/controlDisplays/src/wave.asdb'.
# add wave -noreg {/controlDisplays/clk}
# KERNEL: Warning: KERNEL_0291 Signal '/controlDisplays/clk' has already been traced.
# 0 signal(s) traced.
# add wave -noreg {/controlDisplays/clk}
# KERNEL: Warning: KERNEL_0291 Signal '/controlDisplays/clk' has already been traced.
# 0 signal(s) traced.
run @100ns
# KERNEL: WARNING: There is an 'U'|'X'|'W'|'Z'|'-' in an arithmetic operand, the result will be 'X'(es).
# KERNEL: Time: 0 ps,  Iteration: 0,  Instance: /controlDisplays,  Process: MUX.
# KERNEL: WARNING: There is an 'U'|'X'|'W'|'Z'|'-' in an arithmetic operand, the result will be 'X'(es).
# KERNEL: Time: 0 ps,  Iteration: 0,  Instance: /controlDisplays,  Process: MUX.
# KERNEL: WARNING: There is an 'U'|'X'|'W'|'Z'|'-' in an arithmetic operand, the result will be 'X'(es).
# KERNEL: Time: 0 ps,  Iteration: 0,  Instance: /controlDisplays,  Process: MUX.
# KERNEL: WARNING: There is an 'U'|'X'|'W'|'Z'|'-' in an arithmetic operand, the result will be 'X'(es).
# KERNEL: Time: 0 ps,  Iteration: 0,  Instance: /controlDisplays,  Process: MUX.
# KERNEL: WARNING: There is an 'U'|'X'|'W'|'Z'|'-' in an arithmetic operand, the result will be 'X'(es).
# KERNEL: Time: 0 ps,  Iteration: 0,  Instance: /controlDisplays,  Process: MUX.
# KERNEL: WARNING: There is an 'U'|'X'|'W'|'Z'|'-' in an arithmetic operand, the result will be 'X'(es).
# KERNEL: Time: 0 ps,  Iteration: 0,  Instance: /controlDisplays,  Process: MUX.
# KERNEL: WARNING: There is an 'U'|'X'|'W'|'Z'|'-' in an arithmetic operand, the result will be 'X'(es).
# KERNEL: Time: 0 ps,  Iteration: 0,  Instance: /controlDisplays,  Process: MUX.
# KERNEL: WARNING: There is an 'U'|'X'|'W'|'Z'|'-' in an arithmetic operand, the result will be 'X'(es).
# KERNEL: Time: 0 ps,  Iteration: 0,  Instance: /controlDisplays,  Process: MUX.
# KERNEL: WARNING: There is an 'U'|'X'|'W'|'Z'|'-' in an arithmetic operand, the result will be 'X'(es).
# KERNEL: Time: 0 ps,  Iteration: 0,  Instance: /controlDisplays,  Process: MUX.
# KERNEL: WARNING: There is an 'U'|'X'|'W'|'Z'|'-' in an arithmetic operand, the result will be 'X'(es).
# KERNEL: Time: 0 ps,  Iteration: 0,  Instance: /controlDisplays,  Process: MUX.
# KERNEL: stopped at time: 100 ns
run @9.1us
# KERNEL: stopped at time: 9100 ns
