designverincludedir -clear
designverlibrarysim -PL -clear
designverlibrarysim -L -clear
designverlibrarysim -PL pmi_work
designverlibrarysim ovi_machxo2
designverdefinemacro -clear
removefile -Y -D *
addfile {A:/Documentos/Aruitectura Pasti/paquete.vhd}
# Adding file A:\Documentos\Aruitectura Pasti\paquete.vhd ... Done
addfile {A:/Documentos/Aruitectura Pasti/OperacionesLogicas.vhd}
# Adding file A:\Documentos\Aruitectura Pasti\OperacionesLogicas.vhd ... Done
addfile {A:/Documentos/Aruitectura Pasti/Shifters.vhd}
# Adding file A:\Documentos\Aruitectura Pasti\Shifters.vhd ... Done
addfile {A:/Documentos/Aruitectura Pasti/Selector.vhd}
# Adding file A:\Documentos\Aruitectura Pasti\Selector.vhd ... Done
addfile {A:/Documentos/Aruitectura Pasti/OperacionesAritmeticas.vhd}
# Adding file A:\Documentos\Aruitectura Pasti\OperacionesAritmeticas.vhd ... Done
addfile {A:/Documentos/Aruitectura Pasti/BCD10Bits.vhd}
# Adding file A:\Documentos\Aruitectura Pasti\BCD10Bits.vhd ... Done
addfile {A:/Documentos/Aruitectura Pasti/Main.vhd}
# Adding file A:\Documentos\Aruitectura Pasti\Main.vhd ... Done
vlib {A:/Documentos/Aruitectura Pasti/BCD10BitsSim/work}
# Warning: Library work already exists
adel -all
# Library contents cleared.
vcom -dbg -work work {A:/Documentos/Aruitectura Pasti/paquete.vhd}
# File: A:\Documentos\Aruitectura Pasti\paquete.vhd
# Compile Package "paquete"
# Compile Package Body "paquete"
# Compile success 0 Errors 0 Warnings  Analysis time :  16.0 [ms]
vcom -dbg -work work {A:/Documentos/Aruitectura Pasti/OperacionesLogicas.vhd}
# File: A:\Documentos\Aruitectura Pasti\OperacionesLogicas.vhd
# Compile Entity "OperacionesLogicas"
# Compile Architecture "Behavioral" of Entity "OperacionesLogicas"
# Compile success 0 Errors 0 Warnings  Analysis time :  47.0 [ms]
vcom -dbg -work work {A:/Documentos/Aruitectura Pasti/Shifters.vhd}
# File: A:\Documentos\Aruitectura Pasti\Shifters.vhd
# Compile Entity "Shifters"
# Compile Architecture "Behavioral" of Entity "Shifters"
# Compile success 0 Errors 0 Warnings  Analysis time :  47.0 [ms]
vcom -dbg -work work {A:/Documentos/Aruitectura Pasti/Selector.vhd}
# File: A:\Documentos\Aruitectura Pasti\Selector.vhd
# Compile Entity "Selector"
# Compile Architecture "Behavioral" of Entity "Selector"
# Compile success 0 Errors 0 Warnings  Analysis time :  62.0 [ms]
vcom -dbg -work work {A:/Documentos/Aruitectura Pasti/OperacionesAritmeticas.vhd}
# File: A:\Documentos\Aruitectura Pasti\OperacionesAritmeticas.vhd
# Compile Entity "OperacionesAritmeticas"
# Compile Architecture "Behavioral" of Entity "OperacionesAritmeticas"
# Compile success 0 Errors 0 Warnings  Analysis time :  47.0 [ms]
vcom -dbg -work work {A:/Documentos/Aruitectura Pasti/BCD10Bits.vhd}
# File: A:\Documentos\Aruitectura Pasti\BCD10Bits.vhd
# Compile Entity "BCD10Bits"
# Compile Architecture "Behavioral" of Entity "BCD10Bits"
# Compile success 0 Errors 0 Warnings  Analysis time :  63.0 [ms]
vcom -dbg -work work {A:/Documentos/Aruitectura Pasti/Main.vhd}
# File: A:\Documentos\Aruitectura Pasti\Main.vhd
# Warning: COMP96_0003: Source file "A:\Documentos\Aruitectura Pasti\Main.vhd" is empty.
# Compile success 0 Errors 1 Warnings  Analysis time :  0.0 [ms]
entity BCD10Bits
# ELBREAD: Elaboration process.
# ELBREAD: Elaboration time 0.0 [s].
vsim +access +r BCD10Bits -PL pmi_work -L ovi_machxo2
# ELBREAD: Elaboration process.
# ELBREAD: Elaboration time 0.0 [s].
# VSIM: Stack memory: 32MB
# VSIM: Retval memory: 32MB
# 
# KERNEL: Main thread initiated.
# KERNEL: Kernel process initialization phase.
# KERNEL: Time resolution set to 1ps.
# ELAB2: Elaboration final pass...
# ELAB2: Create instances ...
# ELAB2: Create instances complete.
# SLP: Started
# SLP: Elaboration phase ...
# SLP: Elaboration phase ... skipped, nothing to simulate in SLP mode : 0.0 [s]
# SLP: Finished : 0.0 [s]
# ELAB2: Elaboration final pass complete - time: 0.0 [s].
# KERNEL: Warning: You are using the Active-HDL Lattice Edition. The performance of simulation is running at a reduced rate.
# KERNEL: Warning: Contact Aldec for available upgrade options - sales@aldec.com.
# KERNEL: Kernel process initialization done.
# Allocation: Simulator allocated 6186 kB (elbread=1280 elab2=4756 kernel=150 sdf=0)
# KERNEL: ASDB file was created in location A:\Documentos\Aruitectura Pasti\BCD10BitsSim\src\wave.asdb
#  2:06, lunes, 15 de abril de 2019
#  Simulation has been initialized
add wave *
# 4 signal(s) traced.
# Waveform file 'untitled.awc' connected to 'A:/Documentos/Aruitectura Pasti/BCD10BitsSim/src/wave.asdb'.
run 10 ns
# KERNEL: stopped at time: 10 ns
# KERNEL: Simulation has finished. There are no more test vectors to simulate.
run 10 ns
# KERNEL: stopped at time: 20 ns
# KERNEL: Simulation has finished. There are no more test vectors to simulate.
run 10 ns
# KERNEL: stopped at time: 30 ns
# KERNEL: Simulation has finished. There are no more test vectors to simulate.
