Active-HDL 10.3.3558.6081  2019-05-05 00:59:51

Elaboration top modules:
Architecture                  Behavioral(controlDisplays)


--------------------------------------------------------------------------------------------------
Entity          | Architecture | Library | Info | Compiler Version          | Compilation Options
--------------------------------------------------------------------------------------------------
controlDisplays | Behavioral   | work    |      | 10.3.3558.6081  (Windows) | -dbg
--------------------------------------------------------------------------------------------------

--------------------------------------------------------------------------------------------------
VHDL Package                   | Library | Info | Compiler Version          | Compilation Options
--------------------------------------------------------------------------------------------------
standard                       | std     |      |                           | <unavailable>
TEXTIO                         | std     |      | 10.3.3558.6081  (Windows) |  -2008
std_logic_1164                 | ieee    |      | 10.3.3558.6081  (Windows) |  -2008
std_logic_arith                | ieee    |      | 10.3.3558.6081  (Windows) | <unavailable>
STD_LOGIC_UNSIGNED             | ieee    |      | 10.3.3558.6081  (Windows) | <unavailable>
--------------------------------------------------------------------------------------------------

--------------------------------------------------------------------------------------------------
Library                        | Comment
--------------------------------------------------------------------------------------------------
ieee                           | Standard IEEE packages library
std                            | Standard VHDL library
work                           | None
--------------------------------------------------------------------------------------------------
